build/outputs/logs/manifest-merger-debug-report.txt
-- Merging decision tree log ---
manifest
ADDED from aws-sdk-android-samples-master\AndroidPubSub\AndroidManifest.xml:2:1-27:12
	package
		ADDED from aws-sdk-android-samples-master\AndroidPubSub\AndroidManifest.xml:3:5-47
	android:versionName
		ADDED from aws-sdk-android-samples-master\AndroidPubSub\AndroidManifest.xml:5:5-30
		INJECTED from aws-sdk-android-samples-master\AndroidPubSub\AndroidManifest.xml
		INJECTED from aws-sdk-android-samples-master\AndroidPubSub\AndroidManifest.xml
	android:versionCode
		ADDED from aws-sdk-android-samples-master\AndroidPubSub\AndroidManifest.xml:4:5-28
		INJECTED from aws-sdk-android-samples-master\AndroidPubSub\AndroidManifest.xml
		INJECTED from aws-sdk-android-samples-master\AndroidPubSub\AndroidManifest.xml
	xmlns:android
		ADDED from aws-sdk-android-samples-master\AndroidPubSub\AndroidManifest.xml:2:11-69
uses-sdk
ADDED from aws-sdk-android-samples-master\AndroidPubSub\AndroidManifest.xml:7:5-9:41
	android:targetSdkVersion
		ADDED from aws-sdk-android-samples-master\AndroidPubSub\AndroidManifest.xml:9:9-38
		INJECTED from aws-sdk-android-samples-master\AndroidPubSub\AndroidManifest.xml
		INJECTED from aws-sdk-android-samples-master\AndroidPubSub\AndroidManifest.xml
	android:minSdkVersion
		ADDED from aws-sdk-android-samples-master\AndroidPubSub\AndroidManifest.xml:8:9-35
		INJECTED from aws-sdk-android-samples-master\AndroidPubSub\AndroidManifest.xml
		INJECTED from aws-sdk-android-samples-master\AndroidPubSub\AndroidManifest.xml
uses-permission#android.permission.INTERNET
ADDED from aws-sdk-android-samples-master\AndroidPubSub\AndroidManifest.xml:11:5-67
	android:name
		ADDED from aws-sdk-android-samples-master\AndroidPubSub\AndroidManifest.xml:11:22-64
uses-permission#android.permission.ACCESS_NETWORK_STATE
ADDED from aws-sdk-android-samples-master\AndroidPubSub\AndroidManifest.xml:12:5-79
	android:name
		ADDED from aws-sdk-android-samples-master\AndroidPubSub\AndroidManifest.xml:12:22-76
application
ADDED from aws-sdk-android-samples-master\AndroidPubSub\AndroidManifest.xml:14:5-25:19
	android:label
		ADDED from aws-sdk-android-samples-master\AndroidPubSub\AndroidManifest.xml:17:9-41
	android:allowBackup
		ADDED from aws-sdk-android-samples-master\AndroidPubSub\AndroidManifest.xml:15:9-35
	android:icon
		ADDED from aws-sdk-android-samples-master\AndroidPubSub\AndroidManifest.xml:16:9-45
activity#com.amazonaws.demo.androidpubsub.PubSubActivity
ADDED from aws-sdk-android-samples-master\AndroidPubSub\AndroidManifest.xml:18:9-24:20
	android:name
		ADDED from aws-sdk-android-samples-master\AndroidPubSub\AndroidManifest.xml:18:19-81
intent-filter#android.intent.action.MAIN+android.intent.category.LAUNCHER
ADDED from aws-sdk-android-samples-master\AndroidPubSub\AndroidManifest.xml:19:13-23:29
action#android.intent.action.MAIN
ADDED from aws-sdk-android-samples-master\AndroidPubSub\AndroidManifest.xml:20:17-69
	android:name
		ADDED from aws-sdk-android-samples-master\AndroidPubSub\AndroidManifest.xml:20:25-66
category#android.intent.category.LAUNCHER
ADDED from aws-sdk-android-samples-master\AndroidPubSub\AndroidManifest.xml:22:17-77
	android:name
		ADDED from aws-sdk-android-samples-master\AndroidPubSub\AndroidManifest.xml:22:27-74